C:\Users\asarkisian\Desktop\test\Path To Orion\Path To Orion\Release\cl.command.1.tlog
C:\Users\asarkisian\Desktop\test\Path To Orion\Path To Orion\Release\CL.read.1.tlog
C:\Users\asarkisian\Desktop\test\Path To Orion\Path To Orion\Release\CL.write.1.tlog
C:\USERS\ASARKISIAN\DESKTOP\TEST\PATH TO ORION\PATH TO ORION\RELEASE\DOMAIN.OBJ
C:\Users\asarkisian\Desktop\test\Path To Orion\Path To Orion\Release\link.command.1.tlog
C:\Users\asarkisian\Desktop\test\Path To Orion\Path To Orion\Release\link.read.1.tlog
C:\Users\asarkisian\Desktop\test\Path To Orion\Path To Orion\Release\link.write.1.tlog
C:\Users\asarkisian\Desktop\test\Path To Orion\Path To Orion\Release\link-cvtres.read.1.tlog
C:\Users\asarkisian\Desktop\test\Path To Orion\Path To Orion\Release\link-cvtres.write.1.tlog
C:\USERS\ASARKISIAN\DESKTOP\TEST\PATH TO ORION\PATH TO ORION\RELEASE\MAIN.OBJ
C:\Users\asarkisian\Desktop\test\Path To Orion\Path To Orion\Release\mt.command.1.tlog
C:\Users\asarkisian\Desktop\test\Path To Orion\Path To Orion\Release\mt.read.1.tlog
C:\Users\asarkisian\Desktop\test\Path To Orion\Path To Orion\Release\mt.write.1.tlog
C:\USERS\ASARKISIAN\DESKTOP\TEST\PATH TO ORION\PATH TO ORION\RELEASE\PATH TO ORION.EXE.INTERMEDIATE.MANIFEST
C:\USERS\ASARKISIAN\DESKTOP\TEST\PATH TO ORION\PATH TO ORION\RELEASE\PATH TO ORION.RES
C:\Users\asarkisian\Desktop\test\Path To Orion\Path To Orion\Release\rc.command.1.tlog
C:\Users\asarkisian\Desktop\test\Path To Orion\Path To Orion\Release\rc.read.1.tlog
C:\Users\asarkisian\Desktop\test\Path To Orion\Path To Orion\Release\rc.write.1.tlog
C:\USERS\ASARKISIAN\DESKTOP\TEST\PATH TO ORION\PATH TO ORION\RELEASE\SLOTMACHINE.OBJ
C:\USERS\ASARKISIAN\DESKTOP\TEST\PATH TO ORION\PATH TO ORION\RELEASE\TIMER.OBJ
C:\USERS\ASARKISIAN\DESKTOP\TEST\PATH TO ORION\PATH TO ORION\RELEASE\VC100.PDB
C:\USERS\ASARKISIAN\DESKTOP\TEST\PATH TO ORION\RELEASE\PATH TO ORION.EXE
C:\USERS\ASARKISIAN\DESKTOP\TEST\PATH TO ORION\RELEASE\PATH TO ORION.PDB
