Build started 2/22/2013 4:38:24 PM.
     1>Project "C:\Users\asarkisian\Desktop\test\Path To Orion\Path To Orion\Path To Orion.vcxproj" on node 2 (rebuild target(s)).
     1>_PrepareForClean:
         Deleting file "Release\Path To Orion.lastbuildstate".
       InitializeBuildStatus:
         Creating "Release\Path To Orion.unsuccessfulbuild" because "AlwaysCreate" was specified.
       ClCompile:
         c:\Program Files (x86)\Microsoft Visual Studio 10.0\VC\bin\CL.exe /c /Zi /nologo /W3 /WX- /O2 /Oi /Oy- /GL /D _MBCS /Gm- /EHsc /MD /GS /Gy /fp:precise /Zc:wchar_t /Zc:forScope /Fo"Release\\" /Fd"Release\vc100.pdb" /Gd /TP /analyze- /errorReport:prompt "..\..\..\pto temp\doMain.cpp" "..\..\..\pto temp\main.cpp" "..\..\..\pto temp\slotMachine.cpp" "..\..\..\pto temp\timer.cpp"
         doMain.cpp
         main.cpp
         slotMachine.cpp
         timer.cpp
       ResourceCompile:
         C:\Program Files (x86)\Microsoft SDKs\Windows\v7.0A\bin\rc.exe /l"0x0409" /nologo /fo"Release\Path To Orion.res" "Path To Orion.rc" 
       Link:
         c:\Program Files (x86)\Microsoft Visual Studio 10.0\VC\bin\link.exe /ERRORREPORT:PROMPT /OUT:"C:\Users\asarkisian\Desktop\test\Path To Orion\Release\Path To Orion.exe" /NOLOGO SDL.lib SDLmain.lib SDL_ttf.lib SDL_mixer.lib SDL_image.lib kernel32.lib user32.lib gdi32.lib winspool.lib comdlg32.lib advapi32.lib shell32.lib ole32.lib oleaut32.lib uuid.lib odbc32.lib odbccp32.lib /MANIFEST /ManifestFile:"Release\Path To Orion.exe.intermediate.manifest" /MANIFESTUAC:"level='asInvoker' uiAccess='false'" /DEBUG /PDB:"C:\Users\asarkisian\Desktop\test\Path To Orion\Release\Path To Orion.pdb" /SUBSYSTEM:WINDOWS /OPT:REF /OPT:ICF /LTCG /TLBID:1 /DYNAMICBASE /NXCOMPAT /IMPLIB:"C:\Users\asarkisian\Desktop\test\Path To Orion\Release\Path To Orion.lib" /MACHINE:X86 "Release\Path To Orion.res"
         Release\doMain.obj
         Release\main.obj
         Release\slotMachine.obj
         Release\timer.obj
         Generating code
         Finished generating code
         Path To Orion.vcxproj -> C:\Users\asarkisian\Desktop\test\Path To Orion\Release\Path To Orion.exe
       Manifest:
         C:\Program Files (x86)\Microsoft SDKs\Windows\v7.0A\bin\mt.exe /nologo /verbose /outputresource:"C:\Users\asarkisian\Desktop\test\Path To Orion\Release\Path To Orion.exe;#1" /manifest "Release\Path To Orion.exe.intermediate.manifest"
       FinalizeBuildStatus:
         Deleting file "Release\Path To Orion.unsuccessfulbuild".
         Touching "Release\Path To Orion.lastbuildstate".
     1>Done Building Project "C:\Users\asarkisian\Desktop\test\Path To Orion\Path To Orion\Path To Orion.vcxproj" (rebuild target(s)).

Build succeeded.

Time Elapsed 00:00:09.24
