Build started 2/22/2013 1:00:50 PM.
     1>Project "C:\Users\asarkisian\Desktop\test\Path To Orion\Path To Orion\Path To Orion.vcxproj" on node 2 (build target(s)).
     1>InitializeBuildStatus:
         Creating "Debug\Path To Orion.unsuccessfulbuild" because "AlwaysCreate" was specified.
       ClCompile:
         c:\Program Files (x86)\Microsoft Visual Studio 10.0\VC\bin\CL.exe /c /ZI /nologo /W3 /WX- /Od /Oy- /D _MBCS /Gm /EHsc /RTC1 /MD /GS /fp:precise /Zc:wchar_t /Zc:forScope /Fo"Debug\\" /Fd"Debug\vc100.pdb" /Gd /TP /analyze- /errorReport:prompt "..\..\..\pto temp\slotMachine.cpp"
         slotMachine.cpp
       ResourceCompile:
         All outputs are up-to-date.
       Link:
         c:\Program Files (x86)\Microsoft Visual Studio 10.0\VC\bin\link.exe /ERRORREPORT:PROMPT /OUT:"C:\Users\asarkisian\Desktop\test\Path To Orion\Debug\Path To Orion.exe" /NOLOGO SDL.lib SDLmain.lib SDL_image.lib SDL_mixer.lib SDL_ttf.lib kernel32.lib user32.lib gdi32.lib winspool.lib comdlg32.lib advapi32.lib shell32.lib ole32.lib oleaut32.lib uuid.lib odbc32.lib odbccp32.lib /MANIFEST /ManifestFile:"Debug\Path To Orion.exe.intermediate.manifest" /MANIFESTUAC:"level='asInvoker' uiAccess='false'" /DEBUG /PDB:"C:\Users\asarkisian\Desktop\test\Path To Orion\Debug\Path To Orion.pdb" /SUBSYSTEM:WINDOWS /TLBID:1 /DYNAMICBASE /NXCOMPAT /IMPLIB:"C:\Users\asarkisian\Desktop\test\Path To Orion\Debug\Path To Orion.lib" /MACHINE:X86 "Debug\Path To Orion.res"
         Debug\doMain.obj
         Debug\main.obj
         Debug\slotMachine.obj
         Debug\timer.obj
         LINK : C:\Users\asarkisian\Desktop\test\Path To Orion\Debug\Path To Orion.exe not found or not built by the last incremental link; performing full link
         Path To Orion.vcxproj -> C:\Users\asarkisian\Desktop\test\Path To Orion\Debug\Path To Orion.exe
       Manifest:
         C:\Program Files (x86)\Microsoft SDKs\Windows\v7.0A\bin\mt.exe /nologo /verbose /outputresource:"C:\Users\asarkisian\Desktop\test\Path To Orion\Debug\Path To Orion.exe;#1" /manifest "Debug\Path To Orion.exe.intermediate.manifest"
       FinalizeBuildStatus:
         Deleting file "Debug\Path To Orion.unsuccessfulbuild".
         Touching "Debug\Path To Orion.lastbuildstate".
     1>Done Building Project "C:\Users\asarkisian\Desktop\test\Path To Orion\Path To Orion\Path To Orion.vcxproj" (build target(s)).

Build succeeded.

Time Elapsed 00:00:03.27
